TN:
SF:src/app.js
FN:7,App
FN:12,route
FNF:2
FNH:2
FNDA:4,App
FNDA:4,route
DA:1,1
DA:2,1
DA:3,1
DA:4,1
DA:5,1
DA:6,1
DA:7,1
DA:8,4
DA:9,4
DA:10,4
DA:11,1
DA:12,1
DA:13,4
DA:14,4
DA:15,4
DA:16,1
DA:17,1
DA:18,1
LF:18
LH:18
BRDA:7,0,0,4
BRDA:12,1,0,4
BRF:2
BRH:2
end_of_record
TN:
SF:src/routes.js
FNF:0
FNH:0
DA:1,1
DA:2,1
DA:3,1
DA:4,1
DA:5,1
DA:6,1
DA:7,1
DA:8,1
DA:9,1
DA:10,1
DA:11,1
DA:12,1
DA:13,1
DA:14,1
DA:15,1
DA:16,1
DA:17,1
DA:18,1
DA:19,1
DA:20,1
DA:21,1
DA:22,0
DA:23,0
DA:24,0
DA:25,1
DA:26,1
DA:27,1
DA:28,1
DA:29,1
DA:30,1
DA:31,1
DA:32,1
DA:33,1
DA:34,1
DA:35,1
DA:36,1
DA:37,1
DA:38,1
DA:39,1
DA:40,1
DA:41,1
DA:42,1
DA:43,1
DA:44,1
DA:45,1
DA:46,1
DA:47,1
DA:48,1
DA:49,1
DA:50,1
DA:51,1
DA:52,1
DA:53,1
DA:54,1
DA:55,1
DA:56,1
DA:57,1
DA:58,1
DA:59,1
DA:60,1
DA:61,1
DA:62,1
DA:63,1
DA:64,1
DA:65,1
DA:66,1
DA:67,1
DA:68,1
DA:69,1
DA:70,1
DA:71,1
DA:72,1
DA:73,1
DA:74,1
DA:75,1
DA:76,1
DA:77,1
LF:77
LH:74
BRF:0
BRH:0
end_of_record
TN:
SF:src/app/controllers/AtendimentoController.js
FN:4,index
FN:19,show
FN:31,store
FN:41,status
FNF:4
FNH:0
FNDA:0,index
FNDA:0,show
FNDA:0,store
FNDA:0,status
DA:1,1
DA:2,1
DA:3,1
DA:4,1
DA:5,0
DA:6,0
DA:7,0
DA:8,0
DA:9,0
DA:10,0
DA:11,0
DA:12,0
DA:13,0
DA:14,0
DA:15,0
DA:16,0
DA:17,0
DA:18,1
DA:19,1
DA:20,0
DA:21,0
DA:22,0
DA:23,0
DA:24,0
DA:25,0
DA:26,0
DA:27,0
DA:28,0
DA:29,0
DA:30,1
DA:31,1
DA:32,0
DA:33,0
DA:34,0
DA:35,0
DA:36,0
DA:37,0
DA:38,0
DA:39,0
DA:40,1
DA:41,1
DA:42,0
DA:43,0
DA:44,0
DA:45,0
DA:46,0
DA:47,0
DA:48,0
DA:49,0
DA:50,0
DA:51,0
DA:52,0
DA:53,0
DA:54,0
DA:55,0
DA:56,0
DA:57,0
DA:58,0
DA:59,0
DA:60,0
DA:61,0
DA:62,0
DA:63,0
DA:64,0
DA:65,0
DA:66,0
DA:67,0
DA:68,1
DA:69,1
DA:70,1
DA:71,1
LF:71
LH:14
BRF:0
BRH:0
end_of_record
TN:
SF:src/app/controllers/EnderecoController.js
FN:5,index
FN:15,show
FN:27,store
FN:37,update
FN:49,destroy
FNF:5
FNH:5
FNDA:1,index
FNDA:1,show
FNDA:2,store
FNDA:2,update
FNDA:2,destroy
DA:1,1
DA:2,1
DA:3,1
DA:4,1
DA:5,1
DA:6,1
DA:7,1
DA:8,1
DA:9,1
DA:10,1
DA:11,0
DA:12,0
DA:13,1
DA:14,1
DA:15,1
DA:16,1
DA:17,1
DA:18,1
DA:19,1
DA:20,1
DA:21,1
DA:22,1
DA:23,0
DA:24,0
DA:25,1
DA:26,1
DA:27,1
DA:28,2
DA:29,2
DA:30,1
DA:31,1
DA:32,1
DA:33,1
DA:34,1
DA:35,2
DA:36,1
DA:37,1
DA:38,2
DA:39,2
DA:40,2
DA:41,2
DA:42,1
DA:43,1
DA:44,1
DA:45,1
DA:46,1
DA:47,2
DA:48,1
DA:49,1
DA:50,2
DA:51,2
DA:52,2
DA:53,2
DA:54,1
DA:55,1
DA:56,1
DA:57,1
DA:58,1
DA:59,2
DA:60,1
DA:61,1
DA:62,1
LF:62
LH:58
BRDA:5,0,0,1
BRDA:10,1,0,0
BRDA:15,2,0,1
BRDA:22,3,0,0
BRDA:27,4,0,2
BRDA:29,5,0,1
BRDA:37,6,0,2
BRDA:41,7,0,1
BRDA:49,8,0,2
BRDA:53,9,0,1
BRF:10
BRH:8
end_of_record
TN:
SF:src/app/controllers/EspecialistaController.js
FN:4,index
FN:14,show
FN:26,store
FN:36,update
FN:48,destroy
FNF:5
FNH:5
FNDA:1,index
FNDA:1,show
FNDA:2,store
FNDA:2,update
FNDA:2,destroy
DA:1,1
DA:2,1
DA:3,1
DA:4,1
DA:5,1
DA:6,1
DA:7,1
DA:8,1
DA:9,1
DA:10,0
DA:11,0
DA:12,1
DA:13,1
DA:14,1
DA:15,1
DA:16,1
DA:17,1
DA:18,1
DA:19,1
DA:20,1
DA:21,1
DA:22,0
DA:23,0
DA:24,1
DA:25,1
DA:26,1
DA:27,2
DA:28,2
DA:29,1
DA:30,1
DA:31,1
DA:32,1
DA:33,1
DA:34,2
DA:35,1
DA:36,1
DA:37,2
DA:38,2
DA:39,2
DA:40,2
DA:41,1
DA:42,1
DA:43,1
DA:44,1
DA:45,1
DA:46,2
DA:47,1
DA:48,1
DA:49,2
DA:50,2
DA:51,2
DA:52,2
DA:53,1
DA:54,1
DA:55,1
DA:56,1
DA:57,1
DA:58,2
DA:59,1
DA:60,1
DA:61,1
LF:61
LH:57
BRDA:4,0,0,1
BRDA:9,1,0,0
BRDA:14,2,0,1
BRDA:21,3,0,0
BRDA:26,4,0,2
BRDA:28,5,0,1
BRDA:36,6,0,2
BRDA:40,7,0,1
BRDA:48,8,0,2
BRDA:52,9,0,1
BRF:10
BRH:8
end_of_record
TN:
SF:src/app/controllers/PacienteController.js
FN:5,index
FN:15,show
FN:27,store
FN:37,update
FN:49,destroy
FNF:5
FNH:5
FNDA:1,index
FNDA:1,show
FNDA:2,store
FNDA:2,update
FNDA:2,destroy
DA:1,1
DA:2,1
DA:3,1
DA:4,1
DA:5,1
DA:6,1
DA:7,1
DA:8,1
DA:9,1
DA:10,1
DA:11,0
DA:12,0
DA:13,1
DA:14,1
DA:15,1
DA:16,1
DA:17,1
DA:18,1
DA:19,1
DA:20,1
DA:21,1
DA:22,1
DA:23,0
DA:24,0
DA:25,1
DA:26,1
DA:27,1
DA:28,2
DA:29,2
DA:30,1
DA:31,1
DA:32,1
DA:33,1
DA:34,1
DA:35,2
DA:36,1
DA:37,1
DA:38,2
DA:39,2
DA:40,2
DA:41,2
DA:42,1
DA:43,1
DA:44,1
DA:45,1
DA:46,1
DA:47,2
DA:48,1
DA:49,1
DA:50,2
DA:51,2
DA:52,2
DA:53,2
DA:54,1
DA:55,1
DA:56,1
DA:57,1
DA:58,1
DA:59,2
DA:60,1
DA:61,1
DA:62,1
LF:62
LH:58
BRDA:5,0,0,1
BRDA:10,1,0,0
BRDA:15,2,0,1
BRDA:22,3,0,0
BRDA:27,4,0,2
BRDA:29,5,0,1
BRDA:37,6,0,2
BRDA:41,7,0,1
BRDA:49,8,0,2
BRDA:53,9,0,1
BRF:10
BRH:8
end_of_record
TN:
SF:src/app/controllers/ProfissaoController.js
FN:4,index
FN:14,show
FN:26,store
FN:36,update
FN:48,destroy
FNF:5
FNH:5
FNDA:1,index
FNDA:1,show
FNDA:3,store
FNDA:2,update
FNDA:3,destroy
DA:1,1
DA:2,1
DA:3,1
DA:4,1
DA:5,1
DA:6,1
DA:7,1
DA:8,1
DA:9,1
DA:10,0
DA:11,0
DA:12,1
DA:13,1
DA:14,1
DA:15,1
DA:16,1
DA:17,1
DA:18,1
DA:19,1
DA:20,1
DA:21,1
DA:22,0
DA:23,0
DA:24,1
DA:25,1
DA:26,1
DA:27,3
DA:28,3
DA:29,2
DA:30,2
DA:31,2
DA:32,1
DA:33,1
DA:34,3
DA:35,1
DA:36,1
DA:37,2
DA:38,2
DA:39,2
DA:40,2
DA:41,0
DA:42,0
DA:43,2
DA:44,2
DA:45,2
DA:46,2
DA:47,1
DA:48,1
DA:49,3
DA:50,3
DA:51,3
DA:52,3
DA:53,1
DA:54,1
DA:55,3
DA:56,2
DA:57,2
DA:58,3
DA:59,1
DA:60,1
DA:61,1
LF:61
LH:55
BRDA:4,0,0,1
BRDA:9,1,0,0
BRDA:14,2,0,1
BRDA:21,3,0,0
BRDA:26,4,0,3
BRDA:28,5,0,2
BRDA:31,6,0,1
BRDA:36,7,0,2
BRDA:40,8,0,0
BRDA:48,9,0,3
BRDA:52,10,0,1
BRDA:55,11,0,2
BRF:12
BRH:9
end_of_record
TN:
SF:src/app/controllers/SessionController.js
FN:7,store
FNF:1
FNH:1
FNDA:32,store
DA:1,1
DA:2,1
DA:3,1
DA:4,1
DA:5,1
DA:6,1
DA:7,1
DA:8,32
DA:9,32
DA:10,32
DA:11,32
DA:12,32
DA:13,0
DA:14,0
DA:15,32
DA:16,32
DA:17,0
DA:18,0
DA:19,32
DA:20,32
DA:21,32
DA:22,32
DA:23,32
DA:24,32
DA:25,32
DA:26,32
DA:27,32
DA:28,32
DA:29,32
DA:30,32
DA:31,32
DA:32,32
DA:33,1
DA:34,1
DA:35,1
LF:35
LH:31
BRDA:7,0,0,32
BRDA:12,1,0,0
BRDA:16,2,0,0
BRF:3
BRH:1
end_of_record
TN:
SF:src/app/controllers/UsuarioController.js
FN:4,index
FN:14,store
FNF:2
FNH:1
FNDA:0,index
FNDA:4,store
DA:1,1
DA:2,1
DA:3,1
DA:4,1
DA:5,0
DA:6,0
DA:7,0
DA:8,0
DA:9,0
DA:10,0
DA:11,0
DA:12,0
DA:13,1
DA:14,1
DA:15,4
DA:16,4
DA:17,4
DA:18,4
DA:19,4
DA:20,0
DA:21,0
DA:22,4
DA:23,1
DA:24,1
DA:25,1
LF:25
LH:15
BRDA:14,0,0,4
BRDA:19,1,0,0
BRF:2
BRH:1
end_of_record
TN:
SF:src/app/middlewares/auth.js
FN:5,Object.<anonymous>.module.exports
FNF:1
FNH:1
FNDA:34,Object.<anonymous>.module.exports
DA:1,1
DA:2,1
DA:3,1
DA:4,1
DA:5,1
DA:6,34
DA:7,34
DA:8,34
DA:9,34
DA:10,0
DA:11,0
DA:12,0
DA:13,0
DA:14,34
DA:15,34
DA:16,34
DA:17,34
DA:18,34
DA:19,34
DA:20,34
DA:21,34
DA:22,34
DA:23,0
DA:24,0
DA:25,0
DA:26,0
DA:27,34
LF:27
LH:19
BRDA:5,0,0,34
BRDA:9,1,0,0
BRDA:22,2,0,0
BRF:3
BRH:1
end_of_record
TN:
SF:src/app/models/Atendimento.js
FN:4,init
FN:22,associate
FNF:2
FNH:2
FNDA:4,init
FNDA:4,associate
DA:1,1
DA:2,1
DA:3,1
DA:4,1
DA:5,4
DA:6,4
DA:7,4
DA:8,4
DA:9,4
DA:10,4
DA:11,4
DA:12,4
DA:13,4
DA:14,4
DA:15,4
DA:16,4
DA:17,4
DA:18,4
DA:19,4
DA:20,4
DA:21,4
DA:22,1
DA:23,4
DA:24,4
DA:25,4
DA:26,1
DA:27,1
DA:28,1
LF:28
LH:28
BRDA:4,0,0,4
BRDA:22,1,0,4
BRF:2
BRH:2
end_of_record
TN:
SF:src/app/models/Endereco.js
FN:4,init
FN:20,associate
FNF:2
FNH:2
FNDA:4,init
FNDA:4,associate
DA:1,1
DA:2,1
DA:3,1
DA:4,1
DA:5,4
DA:6,4
DA:7,4
DA:8,4
DA:9,4
DA:10,4
DA:11,4
DA:12,4
DA:13,4
DA:14,4
DA:15,4
DA:16,4
DA:17,4
DA:18,4
DA:19,1
DA:20,1
DA:21,4
DA:22,4
DA:23,4
DA:24,1
DA:25,1
DA:26,1
LF:26
LH:26
BRDA:4,0,0,4
BRDA:20,1,0,4
BRF:2
BRH:2
end_of_record
TN:
SF:src/app/models/Especialista.js
FN:4,init
FN:20,associate
FNF:2
FNH:2
FNDA:4,init
FNDA:4,associate
DA:1,1
DA:2,1
DA:3,1
DA:4,1
DA:5,4
DA:6,4
DA:7,4
DA:8,4
DA:9,4
DA:10,4
DA:11,4
DA:12,4
DA:13,4
DA:14,4
DA:15,4
DA:16,4
DA:17,4
DA:18,4
DA:19,4
DA:20,1
DA:21,4
DA:22,4
DA:23,4
DA:24,4
DA:25,1
DA:26,1
DA:27,1
LF:27
LH:27
BRDA:4,0,0,4
BRDA:20,1,0,4
BRF:2
BRH:2
end_of_record
TN:
SF:src/app/models/Historico.js
FN:4,init
FNF:1
FNH:1
FNDA:4,init
DA:1,1
DA:2,1
DA:3,1
DA:4,1
DA:5,4
DA:6,4
DA:7,4
DA:8,4
DA:9,4
DA:10,4
DA:11,4
DA:12,4
DA:13,4
DA:14,4
DA:15,4
DA:16,4
DA:17,4
DA:18,4
DA:19,4
DA:20,1
DA:21,1
DA:22,1
LF:22
LH:22
BRDA:4,0,0,4
BRF:1
BRH:1
end_of_record
TN:
SF:src/app/models/Paciente.js
FN:4,init
FN:22,associate
FNF:2
FNH:2
FNDA:4,init
FNDA:4,associate
DA:1,1
DA:2,1
DA:3,1
DA:4,1
DA:5,4
DA:6,4
DA:7,4
DA:8,4
DA:9,4
DA:10,4
DA:11,4
DA:12,4
DA:13,4
DA:14,4
DA:15,4
DA:16,4
DA:17,4
DA:18,4
DA:19,4
DA:20,4
DA:21,1
DA:22,1
DA:23,4
DA:24,4
DA:25,4
DA:26,1
DA:27,1
DA:28,1
LF:28
LH:28
BRDA:4,0,0,4
BRDA:22,1,0,4
BRF:2
BRH:2
end_of_record
TN:
SF:src/app/models/Profissao.js
FN:4,init
FN:15,associate
FNF:2
FNH:2
FNDA:4,init
FNDA:4,associate
DA:1,1
DA:2,1
DA:3,1
DA:4,1
DA:5,4
DA:6,4
DA:7,4
DA:8,4
DA:9,4
DA:10,4
DA:11,4
DA:12,4
DA:13,4
DA:14,4
DA:15,1
DA:16,4
DA:17,4
DA:18,1
DA:19,1
DA:20,1
LF:20
LH:20
BRDA:4,0,0,4
BRDA:15,1,0,4
BRF:2
BRH:2
end_of_record
TN:
SF:src/app/models/Prontuario.js
FN:4,init
FNF:1
FNH:1
FNDA:4,init
DA:1,1
DA:2,1
DA:3,1
DA:4,1
DA:5,4
DA:6,4
DA:7,4
DA:8,4
DA:9,4
DA:10,4
DA:11,4
DA:12,4
DA:13,4
DA:14,4
DA:15,4
DA:16,4
DA:17,1
DA:18,1
DA:19,1
LF:19
LH:19
BRDA:4,0,0,4
BRF:1
BRH:1
end_of_record
TN:
SF:src/app/models/Usuario.js
FN:5,init
FN:35,checkPassword
FNF:2
FNH:2
FNDA:4,init
FNDA:32,checkPassword
DA:1,1
DA:2,1
DA:3,1
DA:4,1
DA:5,1
DA:6,4
DA:7,4
DA:8,4
DA:9,4
DA:10,4
DA:11,4
DA:12,4
DA:13,4
DA:14,4
DA:15,4
DA:16,4
DA:17,4
DA:18,4
DA:19,4
DA:20,4
DA:21,4
DA:22,4
DA:23,4
DA:24,4
DA:25,4
DA:26,4
DA:27,4
DA:28,4
DA:29,4
DA:30,4
DA:31,4
DA:32,4
DA:33,4
DA:34,1
DA:35,1
DA:36,32
DA:37,32
DA:38,1
DA:39,1
DA:40,1
LF:40
LH:40
BRDA:5,0,0,4
BRDA:26,1,0,4
BRDA:35,2,0,32
BRF:3
BRH:3
end_of_record
TN:
SF:src/database/index.js
FN:20,Database
FN:24,init
FNF:2
FNH:2
FNDA:4,Database
FNDA:4,init
DA:1,1
DA:2,1
DA:3,1
DA:4,1
DA:5,1
DA:6,1
DA:7,1
DA:8,1
DA:9,1
DA:10,1
DA:11,1
DA:12,1
DA:13,1
DA:14,1
DA:15,1
DA:16,1
DA:17,1
DA:18,1
DA:19,1
DA:20,1
DA:21,4
DA:22,4
DA:23,1
DA:24,1
DA:25,4
DA:26,4
DA:27,4
DA:28,4
DA:29,4
DA:30,4
DA:31,4
DA:32,4
DA:33,4
DA:34,4
DA:35,4
DA:36,4
DA:37,4
DA:38,4
DA:39,1
DA:40,1
DA:41,1
LF:41
LH:41
BRDA:20,0,0,4
BRDA:24,1,0,4
BRDA:27,2,0,32
BRF:3
BRH:3
end_of_record
